2018-01-08 10:00:50  [ main:0 ] - [ INFO ]  Root WebApplicationContext: initialization started
2018-01-08 10:00:51  [ main:612 ] - [ INFO ]  Refreshing Root WebApplicationContext: startup date [Mon Jan 08 10:00:51 GMT+08:00 2018]; root of context hierarchy
2018-01-08 10:00:51  [ main:943 ] - [ INFO ]  Loading XML bean definitions from file [D:\YZEduDBServer\YZEduDBServer\target\classes\spring\applicationContext-datasource.xml]
2018-01-08 10:00:52  [ main:1654 ] - [ INFO ]  Loading XML bean definitions from file [D:\YZEduDBServer\YZEduDBServer\target\classes\spring\applicationContext.xml]
2018-01-08 10:00:55  [ main:5519 ] - [ INFO ]  {dataSource-1} inited
2018-01-08 10:00:57  [ main:6694 ] - [ INFO ]  Root WebApplicationContext: initialization completed in 6688 ms
2018-01-08 10:00:57  [ main:6977 ] - [ INFO ]  FrameworkServlet 'springmvc': initialization started
2018-01-08 10:00:57  [ main:6984 ] - [ INFO ]  Refreshing WebApplicationContext for namespace 'springmvc-servlet': startup date [Mon Jan 08 10:00:57 GMT+08:00 2018]; parent: Root WebApplicationContext
2018-01-08 10:00:57  [ main:6987 ] - [ INFO ]  Loading XML bean definitions from ServletContext resource [/WEB-INF/springmvc-servlet.xml]
2018-01-08 10:00:58  [ main:7743 ] - [ INFO ]  Mapped "{[/NewCourse],methods=[GET]}" onto public java.util.Map<java.lang.String, java.lang.Object> com.fstech.yzedudbs.web.CourseController.newCourse(org.springframework.web.servlet.ModelAndView,java.lang.Integer,java.lang.Integer)
2018-01-08 10:00:58  [ main:7745 ] - [ INFO ]  Mapped "{[/TopCourse],methods=[GET]}" onto public java.util.Map<java.lang.String, java.lang.Object> com.fstech.yzedudbs.web.CourseController.topCourse(org.springframework.web.servlet.ModelAndView,java.lang.Integer,java.lang.Integer)
2018-01-08 10:00:58  [ main:7745 ] - [ INFO ]  Mapped "{[/SchoolCourse],methods=[GET]}" onto public java.util.Map<java.lang.String, java.lang.Object> com.fstech.yzedudbs.web.CourseController.schoolCourse(org.springframework.web.servlet.ModelAndView,java.lang.Integer,java.lang.Integer)
2018-01-08 10:00:58  [ main:7746 ] - [ INFO ]  Mapped "{[/CourseDetail],methods=[GET]}" onto public java.util.Map<java.lang.String, java.lang.Object> com.fstech.yzedudbs.web.CourseController.courseDetail(org.springframework.web.servlet.ModelAndView,java.lang.Integer,java.lang.Integer)
2018-01-08 10:00:58  [ main:7747 ] - [ INFO ]  Mapped "{[/CourseCatalog],methods=[GET]}" onto public java.util.Map<java.lang.String, java.lang.Object> com.fstech.yzedudbs.web.CourseController.courseCatalog(org.springframework.web.servlet.ModelAndView,java.lang.Integer)
2018-01-08 10:00:58  [ main:7747 ] - [ INFO ]  Mapped "{[/Knowledges],methods=[GET]}" onto public java.util.Map<java.lang.String, java.lang.Object> com.fstech.yzedudbs.web.CourseController.knowledges(org.springframework.web.servlet.ModelAndView,java.lang.Integer)
2018-01-08 10:00:58  [ main:7748 ] - [ INFO ]  Mapped "{[/SearchCourse],methods=[GET]}" onto public java.util.Map<java.lang.String, java.lang.Object> com.fstech.yzedudbs.web.CourseController.searchCourse(org.springframework.web.servlet.ModelAndView,java.lang.String,java.lang.Integer,java.lang.Integer)
2018-01-08 10:00:58  [ main:7749 ] - [ INFO ]  Mapped "{[/Classifications],methods=[GET]}" onto public java.util.Map<java.lang.String, java.lang.Object> com.fstech.yzedudbs.web.CourseController.classifications(org.springframework.web.servlet.ModelAndView,java.lang.Integer)
2018-01-08 10:00:58  [ main:7750 ] - [ INFO ]  Mapped "{[/ClassificationCourse],methods=[GET]}" onto public java.util.Map<java.lang.String, java.lang.Object> com.fstech.yzedudbs.web.CourseController.classificationCourse(org.springframework.web.servlet.ModelAndView,java.lang.Integer,java.lang.Integer,java.lang.Integer)
2018-01-08 10:00:58  [ main:7754 ] - [ INFO ]  Mapped "{[/CourseMaterial],methods=[GET]}" onto public java.util.Map<java.lang.String, java.lang.Object> com.fstech.yzedudbs.web.CourseController.courseMaterial(org.springframework.web.servlet.ModelAndView,java.lang.Integer)
2018-01-08 10:00:58  [ main:7775 ] - [ INFO ]  Mapped "{[/Announcement],methods=[GET]}" onto public java.util.Map<java.lang.String, java.lang.Object> com.fstech.yzedudbs.web.PlatformInformationsController.announcement(org.springframework.web.servlet.ModelAndView,java.lang.Integer)
2018-01-08 10:00:58  [ main:7815 ] - [ INFO ]  Mapped "{[/Banners],methods=[GET]}" onto public java.util.Map<java.lang.String, java.lang.Object> com.fstech.yzedudbs.web.PlatformInformationsController.banners(org.springframework.web.servlet.ModelAndView,java.lang.Integer)
2018-01-08 10:00:58  [ main:7816 ] - [ INFO ]  Mapped "{[/PlatformInformations],methods=[GET]}" onto public java.util.Map<java.lang.String, java.lang.Object> com.fstech.yzedudbs.web.PlatformInformationsController.PlatformInformations(org.springframework.web.servlet.ModelAndView,java.lang.Integer)
2018-01-08 10:00:58  [ main:7817 ] - [ INFO ]  Mapped "{[/SchoolInformations],methods=[GET]}" onto public java.util.Map<java.lang.String, java.lang.Object> com.fstech.yzedudbs.web.PlatformInformationsController.schoolInformations(org.springframework.web.servlet.ModelAndView,java.lang.Integer,java.lang.Integer)
2018-01-08 10:00:58  [ main:8533 ] - [ INFO ]  Looking for @ControllerAdvice: WebApplicationContext for namespace 'springmvc-servlet': startup date [Mon Jan 08 10:00:57 GMT+08:00 2018]; parent: Root WebApplicationContext
2018-01-08 10:00:59  [ main:8852 ] - [ INFO ]  Looking for @ControllerAdvice: WebApplicationContext for namespace 'springmvc-servlet': startup date [Mon Jan 08 10:00:57 GMT+08:00 2018]; parent: Root WebApplicationContext
2018-01-08 10:00:59  [ main:9028 ] - [ INFO ]  Mapped URL path [/images/**] onto handler 'org.springframework.web.servlet.resource.ResourceHttpRequestHandler#0'
2018-01-08 10:00:59  [ main:9042 ] - [ INFO ]  Mapped URL path [/css/**] onto handler 'org.springframework.web.servlet.resource.ResourceHttpRequestHandler#1'
2018-01-08 10:00:59  [ main:9088 ] - [ INFO ]  Mapped URL path [/js/**] onto handler 'org.springframework.web.servlet.resource.ResourceHttpRequestHandler#2'
2018-01-08 10:00:59  [ main:9098 ] - [ INFO ]  Mapped URL path [/product/**] onto handler 'org.springframework.web.servlet.resource.ResourceHttpRequestHandler#3'
2018-01-08 10:00:59  [ main:9106 ] - [ INFO ]  Mapped URL path [/static/**] onto handler 'org.springframework.web.servlet.resource.ResourceHttpRequestHandler#4'
2018-01-08 10:00:59  [ main:9114 ] - [ INFO ]  Mapped URL path [/mp/**] onto handler 'org.springframework.web.servlet.resource.ResourceHttpRequestHandler#5'
2018-01-08 10:00:59  [ main:9122 ] - [ INFO ]  Mapped URL path [/swagger-ui.html] onto handler 'org.springframework.web.servlet.resource.ResourceHttpRequestHandler#6'
2018-01-08 10:00:59  [ main:9130 ] - [ INFO ]  Mapped URL path [/webjars/**] onto handler 'org.springframework.web.servlet.resource.ResourceHttpRequestHandler#7'
2018-01-08 10:00:59  [ main:9139 ] - [ INFO ]  Mapped URL path [/swagger-ui/**] onto handler 'org.springframework.web.servlet.resource.ResourceHttpRequestHandler#8'
2018-01-08 10:00:59  [ main:9257 ] - [ INFO ]  FrameworkServlet 'springmvc': initialization completed in 2280 ms
2018-01-08 10:01:55  [ qtp1003399311-25:65073 ] - [ INFO ]  返回数据[]
2018-01-08 10:02:06  [ qtp1003399311-25:75829 ] - [ INFO ]  返回数据[com.fstech.yzedudbs.vo.SchoolInformation@13a5c619]
2018-01-08 10:02:32  [ qtp1003399311-25:102477 ] - [ INFO ]  返回数据[]
2018-01-08 10:02:37  [ qtp1003399311-25:106547 ] - [ INFO ]  返回数据[com.fstech.yzedudbs.vo.SchoolInformation@785a0bec]
2018-01-08 10:24:41  [ main:0 ] - [ INFO ]  Root WebApplicationContext: initialization started
2018-01-08 10:24:41  [ main:80 ] - [ INFO ]  Refreshing Root WebApplicationContext: startup date [Mon Jan 08 10:24:41 GMT+08:00 2018]; root of context hierarchy
2018-01-08 10:24:42  [ main:129 ] - [ INFO ]  Loading XML bean definitions from file [D:\YZEduDBServer\YZEduDBServer\target\classes\spring\applicationContext-datasource.xml]
2018-01-08 10:24:42  [ main:217 ] - [ INFO ]  Loading XML bean definitions from file [D:\YZEduDBServer\YZEduDBServer\target\classes\spring\applicationContext.xml]
2018-01-08 10:24:44  [ main:2345 ] - [ INFO ]  {dataSource-1} inited
2018-01-08 10:24:44  [ main:2867 ] - [ INFO ]  Root WebApplicationContext: initialization completed in 2863 ms
2018-01-08 10:24:44  [ main:2963 ] - [ INFO ]  FrameworkServlet 'springmvc': initialization started
2018-01-08 10:24:44  [ main:2968 ] - [ INFO ]  Refreshing WebApplicationContext for namespace 'springmvc-servlet': startup date [Mon Jan 08 10:24:44 GMT+08:00 2018]; parent: Root WebApplicationContext
2018-01-08 10:24:44  [ main:2970 ] - [ INFO ]  Loading XML bean definitions from ServletContext resource [/WEB-INF/springmvc-servlet.xml]
2018-01-08 10:24:45  [ main:3459 ] - [ INFO ]  Mapped "{[/Classifications],methods=[GET]}" onto public java.util.Map<java.lang.String, java.lang.Object> com.fstech.yzedudbs.web.CourseController.classifications(org.springframework.web.servlet.ModelAndView,java.lang.Integer)
2018-01-08 10:24:45  [ main:3461 ] - [ INFO ]  Mapped "{[/ClassificationCourse],methods=[GET]}" onto public java.util.Map<java.lang.String, java.lang.Object> com.fstech.yzedudbs.web.CourseController.classificationCourse(org.springframework.web.servlet.ModelAndView,java.lang.Integer,java.lang.Integer,java.lang.Integer)
2018-01-08 10:24:45  [ main:3462 ] - [ INFO ]  Mapped "{[/CourseMaterial],methods=[GET]}" onto public java.util.Map<java.lang.String, java.lang.Object> com.fstech.yzedudbs.web.CourseController.courseMaterial(org.springframework.web.servlet.ModelAndView,java.lang.Integer)
2018-01-08 10:24:45  [ main:3462 ] - [ INFO ]  Mapped "{[/SearchCourse],methods=[GET]}" onto public java.util.Map<java.lang.String, java.lang.Object> com.fstech.yzedudbs.web.CourseController.searchCourse(org.springframework.web.servlet.ModelAndView,java.lang.String,java.lang.Integer,java.lang.Integer)
2018-01-08 10:24:45  [ main:3463 ] - [ INFO ]  Mapped "{[/TopCourse],methods=[GET]}" onto public java.util.Map<java.lang.String, java.lang.Object> com.fstech.yzedudbs.web.CourseController.topCourse(org.springframework.web.servlet.ModelAndView,java.lang.Integer,java.lang.Integer)
2018-01-08 10:24:45  [ main:3464 ] - [ INFO ]  Mapped "{[/NewCourse],methods=[GET]}" onto public java.util.Map<java.lang.String, java.lang.Object> com.fstech.yzedudbs.web.CourseController.newCourse(org.springframework.web.servlet.ModelAndView,java.lang.Integer,java.lang.Integer)
2018-01-08 10:24:45  [ main:3464 ] - [ INFO ]  Mapped "{[/SchoolCourse],methods=[GET]}" onto public java.util.Map<java.lang.String, java.lang.Object> com.fstech.yzedudbs.web.CourseController.schoolCourse(org.springframework.web.servlet.ModelAndView,java.lang.Integer,java.lang.Integer)
2018-01-08 10:24:45  [ main:3465 ] - [ INFO ]  Mapped "{[/CourseDetail],methods=[GET]}" onto public java.util.Map<java.lang.String, java.lang.Object> com.fstech.yzedudbs.web.CourseController.courseDetail(org.springframework.web.servlet.ModelAndView,java.lang.Integer,java.lang.Integer)
2018-01-08 10:24:45  [ main:3466 ] - [ INFO ]  Mapped "{[/CourseCatalog],methods=[GET]}" onto public java.util.Map<java.lang.String, java.lang.Object> com.fstech.yzedudbs.web.CourseController.courseCatalog(org.springframework.web.servlet.ModelAndView,java.lang.Integer)
2018-01-08 10:24:45  [ main:3467 ] - [ INFO ]  Mapped "{[/Knowledges],methods=[GET]}" onto public java.util.Map<java.lang.String, java.lang.Object> com.fstech.yzedudbs.web.CourseController.knowledges(org.springframework.web.servlet.ModelAndView,java.lang.Integer)
2018-01-08 10:24:45  [ main:3469 ] - [ INFO ]  Mapped "{[/PlatformInformations],methods=[GET]}" onto public java.util.Map<java.lang.String, java.lang.Object> com.fstech.yzedudbs.web.PlatformInformationsController.PlatformInformations(org.springframework.web.servlet.ModelAndView,java.lang.Integer)
2018-01-08 10:24:45  [ main:3470 ] - [ INFO ]  Mapped "{[/SchoolInformations],methods=[GET]}" onto public java.util.Map<java.lang.String, java.lang.Object> com.fstech.yzedudbs.web.PlatformInformationsController.schoolInformations(org.springframework.web.servlet.ModelAndView,java.lang.Integer,java.lang.Integer)
2018-01-08 10:24:45  [ main:3471 ] - [ INFO ]  Mapped "{[/Banners],methods=[GET]}" onto public java.util.Map<java.lang.String, java.lang.Object> com.fstech.yzedudbs.web.PlatformInformationsController.banners(org.springframework.web.servlet.ModelAndView,java.lang.Integer)
2018-01-08 10:24:45  [ main:3472 ] - [ INFO ]  Mapped "{[/Announcement],methods=[GET]}" onto public java.util.Map<java.lang.String, java.lang.Object> com.fstech.yzedudbs.web.PlatformInformationsController.announcement(org.springframework.web.servlet.ModelAndView,java.lang.Integer)
2018-01-08 10:24:45  [ main:3937 ] - [ INFO ]  Looking for @ControllerAdvice: WebApplicationContext for namespace 'springmvc-servlet': startup date [Mon Jan 08 10:24:44 GMT+08:00 2018]; parent: Root WebApplicationContext
2018-01-08 10:24:45  [ main:4039 ] - [ INFO ]  Looking for @ControllerAdvice: WebApplicationContext for namespace 'springmvc-servlet': startup date [Mon Jan 08 10:24:44 GMT+08:00 2018]; parent: Root WebApplicationContext
2018-01-08 10:24:46  [ main:4219 ] - [ INFO ]  Mapped URL path [/images/**] onto handler 'org.springframework.web.servlet.resource.ResourceHttpRequestHandler#0'
2018-01-08 10:24:46  [ main:4233 ] - [ INFO ]  Mapped URL path [/css/**] onto handler 'org.springframework.web.servlet.resource.ResourceHttpRequestHandler#1'
2018-01-08 10:24:46  [ main:4246 ] - [ INFO ]  Mapped URL path [/js/**] onto handler 'org.springframework.web.servlet.resource.ResourceHttpRequestHandler#2'
2018-01-08 10:24:46  [ main:4260 ] - [ INFO ]  Mapped URL path [/product/**] onto handler 'org.springframework.web.servlet.resource.ResourceHttpRequestHandler#3'
2018-01-08 10:24:46  [ main:4273 ] - [ INFO ]  Mapped URL path [/static/**] onto handler 'org.springframework.web.servlet.resource.ResourceHttpRequestHandler#4'
2018-01-08 10:24:46  [ main:4286 ] - [ INFO ]  Mapped URL path [/mp/**] onto handler 'org.springframework.web.servlet.resource.ResourceHttpRequestHandler#5'
2018-01-08 10:24:46  [ main:4299 ] - [ INFO ]  Mapped URL path [/swagger-ui.html] onto handler 'org.springframework.web.servlet.resource.ResourceHttpRequestHandler#6'
2018-01-08 10:24:46  [ main:4314 ] - [ INFO ]  Mapped URL path [/webjars/**] onto handler 'org.springframework.web.servlet.resource.ResourceHttpRequestHandler#7'
2018-01-08 10:24:46  [ main:4326 ] - [ INFO ]  Mapped URL path [/swagger-ui/**] onto handler 'org.springframework.web.servlet.resource.ResourceHttpRequestHandler#8'
2018-01-08 10:24:46  [ main:4416 ] - [ INFO ]  FrameworkServlet 'springmvc': initialization completed in 1453 ms
2018-01-08 10:25:08  [ qtp2090623733-25:26667 ] - [ INFO ]  返回数据[com.fstech.yzedudbs.vo.Course@73e004a, com.fstech.yzedudbs.vo.Course@7784fdfc, com.fstech.yzedudbs.vo.Course@3c3ee8b1, com.fstech.yzedudbs.vo.Course@461edb5d, com.fstech.yzedudbs.vo.Course@13d3daa2, com.fstech.yzedudbs.vo.Course@39b6cbd9, com.fstech.yzedudbs.vo.Course@10013129, com.fstech.yzedudbs.vo.Course@3e4282f4, com.fstech.yzedudbs.vo.Course@a3811b, com.fstech.yzedudbs.vo.Course@6e7113f0, com.fstech.yzedudbs.vo.Course@41d42a35, com.fstech.yzedudbs.vo.Course@501f1f56]
